Build started 2015/10/13 22:32:27.
     1>Project "D:\Users\Yi\Documents\Visual Studio 2010\Projects\wgsQP\wgsQP\wgsQP.vcxproj" on node 2 (build target(s)).
     1>InitializeBuildStatus:
         Creating "Debug\wgsQP.unsuccessfulbuild" because "AlwaysCreate" was specified.
       ClCompile:
         C:\Program Files (x86)\Microsoft Visual Studio 10.0\VC\bin\CL.exe /c /ZI /nologo /W3 /WX- /Od /Oy- /D WIN32 /D _DEBUG /D _CONSOLE /D _UNICODE /D UNICODE /Gm /EHsc /RTC1 /MDd /GS /fp:precise /Zc:wchar_t /Zc:forScope /Fo"Debug\\" /Fd"Debug\vc100.pdb" /Gd /TC /analyze- /errorReport:prompt testCode.c
         testCode.c
     1>d:\users\yi\documents\visual studio 2010\projects\wgsqp\wgsqp\testcode.c(24): warning C4305: 'initializing' : truncation from 'double' to 'float'
     1>d:\users\yi\documents\visual studio 2010\projects\wgsqp\wgsqp\testcode.c(24): warning C4305: 'initializing' : truncation from 'double' to 'float'
     1>d:\users\yi\documents\visual studio 2010\projects\wgsqp\wgsqp\testcode.c(24): warning C4305: 'initializing' : truncation from 'double' to 'float'
     1>d:\users\yi\documents\visual studio 2010\projects\wgsqp\wgsqp\testcode.c(24): warning C4305: 'initializing' : truncation from 'double' to 'float'
     1>d:\users\yi\documents\visual studio 2010\projects\wgsqp\wgsqp\testcode.c(24): warning C4305: 'initializing' : truncation from 'double' to 'float'
     1>d:\users\yi\documents\visual studio 2010\projects\wgsqp\wgsqp\testcode.c(24): warning C4305: 'initializing' : truncation from 'double' to 'float'
     1>d:\users\yi\documents\visual studio 2010\projects\wgsqp\wgsqp\testcode.c(24): warning C4305: 'initializing' : truncation from 'double' to 'float'
     1>d:\users\yi\documents\visual studio 2010\projects\wgsqp\wgsqp\testcode.c(24): warning C4305: 'initializing' : truncation from 'double' to 'float'
     1>d:\users\yi\documents\visual studio 2010\projects\wgsqp\wgsqp\testcode.c(24): warning C4305: 'initializing' : truncation from 'double' to 'float'
     1>d:\users\yi\documents\visual studio 2010\projects\wgsqp\wgsqp\testcode.c(24): warning C4305: 'initializing' : truncation from 'double' to 'float'
     1>d:\users\yi\documents\visual studio 2010\projects\wgsqp\wgsqp\testcode.c(24): warning C4305: 'initializing' : truncation from 'double' to 'float'
     1>d:\users\yi\documents\visual studio 2010\projects\wgsqp\wgsqp\testcode.c(24): warning C4305: 'initializing' : truncation from 'double' to 'float'
     1>d:\users\yi\documents\visual studio 2010\projects\wgsqp\wgsqp\testcode.c(24): warning C4305: 'initializing' : truncation from 'double' to 'float'
     1>d:\users\yi\documents\visual studio 2010\projects\wgsqp\wgsqp\testcode.c(24): warning C4305: 'initializing' : truncation from 'double' to 'float'
     1>d:\users\yi\documents\visual studio 2010\projects\wgsqp\wgsqp\testcode.c(24): warning C4305: 'initializing' : truncation from 'double' to 'float'
     1>d:\users\yi\documents\visual studio 2010\projects\wgsqp\wgsqp\testcode.c(24): warning C4305: 'initializing' : truncation from 'double' to 'float'
     1>d:\users\yi\documents\visual studio 2010\projects\wgsqp\wgsqp\testcode.c(21): warning C4101: 'invR' : unreferenced local variable
     1>d:\users\yi\documents\visual studio 2010\projects\wgsqp\wgsqp\testcode.c(22): warning C4101: 'tmp' : unreferenced local variable
       ManifestResourceCompile:
         All outputs are up-to-date.
       Link:
         C:\Program Files (x86)\Microsoft Visual Studio 10.0\VC\bin\link.exe /ERRORREPORT:PROMPT /OUT:"D:\Users\Yi\Documents\Visual Studio 2010\Projects\wgsQP\Debug\wgsQP.exe" /INCREMENTAL /NOLOGO kernel32.lib user32.lib gdi32.lib winspool.lib comdlg32.lib advapi32.lib shell32.lib ole32.lib oleaut32.lib uuid.lib odbc32.lib odbccp32.lib /MANIFEST /ManifestFile:"Debug\wgsQP.exe.intermediate.manifest" /MANIFESTUAC:"level='asInvoker' uiAccess='false'" /DEBUG /PDB:"D:\Users\Yi\Documents\Visual Studio 2010\Projects\wgsQP\Debug\wgsQP.pdb" /SUBSYSTEM:CONSOLE /TLBID:1 /DYNAMICBASE /NXCOMPAT /IMPLIB:"D:\Users\Yi\Documents\Visual Studio 2010\Projects\wgsQP\Debug\wgsQP.lib" /MACHINE:X86 Debug\wgsQP.exe.embed.manifest.res
         Debug\mathlib.obj
         Debug\mathlib_double.obj
         Debug\testCode.obj
         Debug\test_of_MassModel.obj
         Debug\wgsQP.obj
         Debug\wgsQP_double.obj
       Manifest:
         C:\Program Files (x86)\Microsoft SDKs\Windows\v7.0A\bin\mt.exe /nologo /verbose /out:"Debug\wgsQP.exe.embed.manifest" /manifest Debug\wgsQP.exe.intermediate.manifest
         All outputs are up-to-date.
       LinkEmbedManifest:
         All outputs are up-to-date.
         wgsQP.vcxproj -> D:\Users\Yi\Documents\Visual Studio 2010\Projects\wgsQP\Debug\wgsQP.exe
       FinalizeBuildStatus:
         Deleting file "Debug\wgsQP.unsuccessfulbuild".
         Touching "Debug\wgsQP.lastbuildstate".
     1>Done Building Project "D:\Users\Yi\Documents\Visual Studio 2010\Projects\wgsQP\wgsQP\wgsQP.vcxproj" (build target(s)).

Build succeeded.

Time Elapsed 00:00:01.10
